<?xml version="1.0" encoding="UTF-8"?><testsuite errors="1" failures="0" name="CarWant.LoginTest" skipped="1" tests="5" time="80.72" timestamp="2015-08-240 05:30:01"><testcase classname="CarWant.LoginTest" name="Test blank email"/><testcase classname="CarWant.LoginTest" name="Test go to the forgot password"><skipped/></testcase><testcase classname="CarWant.LoginTest" name="Test valid login"/><testcase classname="CarWant.LoginTest" name="Test invalid email"/><testcase classname="CarWant.LoginTest" name="Test incorrect email"><error message="expected:&lt;...correct username or [something big].&gt; but was:&lt;...correct username or [password].&gt;" type="junit.framework.ComparisonFailure">expected:&lt;...correct username or [something big].&gt; but was:&lt;...correct username or [password].&gt;</error><system-err>expected:&lt;...correct username or [something big].&gt; but was:&lt;...correct username or [password].&gt;&#13;
junit.framework.Assert.assertEquals(Assert.java:100)&#13;
junit.framework.Assert.assertEquals(Assert.java:107)&#13;
junit.framework.TestCase.assertEquals(TestCase.java:269)&#13;
CarWant.steps.LoginSteps.shouldSeeTheWarningIncorrectEmailMessage(LoginSteps.java:53)&#13;
CarWant.LoginTest.testIncorrectEmail(LoginTest.java:82)&#13;
</system-err></testcase></testsuite>