<?xml version="1.0" encoding="UTF-8"?><testsuite errors="0" failures="0" name="CarWant.LoginTest" skipped="1" tests="5" time="79.6" timestamp="2015-08-240 04:50:38"><testcase classname="CarWant.LoginTest" name="Test blank email"/><testcase classname="CarWant.LoginTest" name="Test go to the forgot password"><skipped/></testcase><testcase classname="CarWant.LoginTest" name="Test valid login"/><testcase classname="CarWant.LoginTest" name="Test invalid email"/><testcase classname="CarWant.LoginTest" name="Test incorrect email"/></testsuite>